0 info it worked if it ends with ok
1 verbose cli [ '/usr/local/bin/node', '/usr/local/bin/npm', 'start' ]
2 info using npm@3.8.6
3 info using node@v5.9.1
4 verbose run-script [ 'prestart', 'start', 'poststart' ]
5 info lifecycle rgr@1.0.0~prestart: rgr@1.0.0
6 silly lifecycle rgr@1.0.0~prestart: no script for prestart, continuing
7 info lifecycle rgr@1.0.0~start: rgr@1.0.0
8 verbose lifecycle rgr@1.0.0~start: unsafe-perm in lifecycle true
9 verbose lifecycle rgr@1.0.0~start: PATH: /usr/local/lib/node_modules/npm/bin/node-gyp-bin:/Users/valmorie/Desktop/Programming/reactWork/relayProfile/node_modules/.bin:/usr/local/bin:/opt/local/bin:/opt/local/sbin:/Users/valmorie/.rvm/gems/ruby-2.2.1/bin:/Users/valmorie/.rvm/gems/ruby-2.2.1@global/bin:/Users/valmorie/.rvm/rubies/ruby-2.2.1/bin:/Library/Frameworks/Python.framework/Versions/2.7/bin:/usr/local/bin:/usr/bin:/bin:/usr/sbin:/sbin:/usr/local/git/bin:/Users/valmorie/.rvm/bin
10 verbose lifecycle rgr@1.0.0~start: CWD: /Users/valmorie/Desktop/Programming/reactWork/relayProfile
11 silly lifecycle rgr@1.0.0~start: Args: [ '-c', 'babel-node --presets react,es2015,stage-0 server.js' ]
12 silly lifecycle rgr@1.0.0~start: Returned: code: 1  signal: null
13 info lifecycle rgr@1.0.0~start: Failed to exec start script
14 verbose stack Error: rgr@1.0.0 start: `babel-node --presets react,es2015,stage-0 server.js`
14 verbose stack Exit status 1
14 verbose stack     at EventEmitter.<anonymous> (/usr/local/lib/node_modules/npm/lib/utils/lifecycle.js:239:16)
14 verbose stack     at emitTwo (events.js:100:13)
14 verbose stack     at EventEmitter.emit (events.js:185:7)
14 verbose stack     at ChildProcess.<anonymous> (/usr/local/lib/node_modules/npm/lib/utils/spawn.js:24:14)
14 verbose stack     at emitTwo (events.js:100:13)
14 verbose stack     at ChildProcess.emit (events.js:185:7)
14 verbose stack     at maybeClose (internal/child_process.js:850:16)
14 verbose stack     at Process.ChildProcess._handle.onexit (internal/child_process.js:215:5)
15 verbose pkgid rgr@1.0.0
16 verbose cwd /Users/valmorie/Desktop/Programming/reactWork/relayProfile
17 error Darwin 15.5.0
18 error argv "/usr/local/bin/node" "/usr/local/bin/npm" "start"
19 error node v5.9.1
20 error npm  v3.8.6
21 error code ELIFECYCLE
22 error rgr@1.0.0 start: `babel-node --presets react,es2015,stage-0 server.js`
22 error Exit status 1
23 error Failed at the rgr@1.0.0 start script 'babel-node --presets react,es2015,stage-0 server.js'.
23 error Make sure you have the latest version of node.js and npm installed.
23 error If you do, this is most likely a problem with the rgr package,
23 error not with npm itself.
23 error Tell the author that this fails on your system:
23 error     babel-node --presets react,es2015,stage-0 server.js
23 error You can get information on how to open an issue for this project with:
23 error     npm bugs rgr
23 error Or if that isn't available, you can get their info via:
23 error     npm owner ls rgr
23 error There is likely additional logging output above.
24 verbose exit [ 1, true ]
